Using pre-set license
Built from '2022.3/staging' branch; Version is '2022.3.2f1 (d74737c6db50) revision 14108471'; Using compiler version '192829333'; Build Type 'Release'
OS: 'Windows 11  (10.0.22621) 64bit Core' Language: 'en' Physical Memory: 32507 MB
BatchMode: 1, IsHumanControllingUs: 0, StartBugReporterOnCrash: 0, Is64bit: 1, IsPro: 1

COMMAND LINE ARGUMENTS:
D:\UnityEditor\2022.3.2f1\Editor\Unity.exe
-adb2
-batchMode
-noUpm
-name
AssetImportWorker6
-projectPath
D:/SynologyDrive/Unity Projects/AllHandsLibrary/AllHandsLibrary
-logFile
Logs/AssetImportWorker6.log
-srvPort
51362
Successfully changed project path to: D:/SynologyDrive/Unity Projects/AllHandsLibrary/AllHandsLibrary
D:/SynologyDrive/Unity Projects/AllHandsLibrary/AllHandsLibrary
[UnityMemory] Configuration Parameters - Can be set up in boot.config
    "memorysetup-bucket-allocator-granularity=16"
    "memorysetup-bucket-allocator-bucket-count=8"
    "memorysetup-bucket-allocator-block-size=33554432"
    "memorysetup-bucket-allocator-block-count=8"
    "memorysetup-main-allocator-block-size=16777216"
    "memorysetup-thread-allocator-block-size=16777216"
    "memorysetup-gfx-main-allocator-block-size=16777216"
    "memorysetup-gfx-thread-allocator-block-size=16777216"
    "memorysetup-cache-allocator-block-size=4194304"
    "memorysetup-typetree-allocator-block-size=2097152"
    "memorysetup-profiler-bucket-allocator-granularity=16"
    "memorysetup-profiler-bucket-allocator-bucket-count=8"
    "memorysetup-profiler-bucket-allocator-block-size=33554432"
    "memorysetup-profiler-bucket-allocator-block-count=8"
    "memorysetup-profiler-allocator-block-size=16777216"
    "memorysetup-profiler-editor-allocator-block-size=1048576"
    "memorysetup-temp-allocator-size-main=16777216"
    "memorysetup-job-temp-allocator-block-size=2097152"
    "memorysetup-job-temp-allocator-block-size-background=1048576"
    "memorysetup-job-temp-allocator-reduction-small-platforms=262144"
    "memorysetup-allocator-temp-initial-block-size-main=262144"
    "memorysetup-allocator-temp-initial-block-size-worker=262144"
    "memorysetup-temp-allocator-size-background-worker=32768"
    "memorysetup-temp-allocator-size-job-worker=262144"
    "memorysetup-temp-allocator-size-preload-manager=33554432"
    "memorysetup-temp-allocator-size-nav-mesh-worker=65536"
    "memorysetup-temp-allocator-size-audio-worker=65536"
    "memorysetup-temp-allocator-size-cloud-worker=32768"
    "memorysetup-temp-allocator-size-gi-baking-worker=262144"
    "memorysetup-temp-allocator-size-gfx=262144"
Player connection [40824] Host "[IP] 192.168.1.174 [Port] 0 [Flags] 2 [Guid] 405692563 [EditorId] 405692563 [Version] 1048832 [Id] WindowsEditor(7,GameologyLap2) [Debug] 1 [PackageName] WindowsEditor [ProjectName] Editor" joined multi-casting on [225.0.0.222:54997]...

Player connection [40824] Host "[IP] 192.168.1.174 [Port] 0 [Flags] 2 [Guid] 405692563 [EditorId] 405692563 [Version] 1048832 [Id] WindowsEditor(7,GameologyLap2) [Debug] 1 [PackageName] WindowsEditor [ProjectName] Editor" joined alternative multi-casting on [225.0.0.222:34997]...

Refreshing native plugins compatible for Editor in 22.27 ms, found 8 plugins.
Preloading 2 native plugins for Editor in 2.21 ms.
Initialize engine version: 2022.3.2f1 (d74737c6db50)
[Subsystems] Discovering subsystems at path D:/UnityEditor/2022.3.2f1/Editor/Data/Resources/UnitySubsystems
[Subsystems] Discovering subsystems at path D:/SynologyDrive/Unity Projects/AllHandsLibrary/AllHandsLibrary/Assets
GfxDevice: creating device client; threaded=0; jobified=0
Direct3D:
    Version:  Direct3D 11.0 [level 11.1]
    Renderer: NVIDIA GeForce RTX 4080 Laptop GPU (ID=0x27e0)
    Vendor:   NVIDIA
    VRAM:     12011 MB
    Driver:   31.0.15.3699
Shader 'Oculus/OVRMRCameraFrameLit': fallback shader 'Alpha-Diffuse' not found
Initialize mono
Mono path[0] = 'D:/UnityEditor/2022.3.2f1/Editor/Data/Managed'
Mono path[1] = 'D:/UnityEditor/2022.3.2f1/Editor/Data/MonoBleedingEdge/lib/mono/unityjit-win32'
Mono config path = 'D:/UnityEditor/2022.3.2f1/Editor/Data/MonoBleedingEdge/etc'
Using monoOptions --debugger-agent=transport=dt_socket,embedding=1,server=y,suspend=n,address=127.0.0.1:56276
Begin MonoManager ReloadAssembly
Registering precompiled unity dll's ...
Register platform support module: D:/UnityEditor/2022.3.2f1/Editor/Data/PlaybackEngines/AndroidPlayer/UnityEditor.Android.Extensions.dll
Register platform support module: D:/UnityEditor/2022.3.2f1/Editor/Data/PlaybackEngines/iOSSupport/UnityEditor.iOS.Extensions.dll
Register platform support module: D:/UnityEditor/2022.3.2f1/Editor/Data/PlaybackEngines/WindowsStandaloneSupport/UnityEditor.WindowsStandalone.Extensions.dll
Registered in 0.017965 seconds.
- Loaded All Assemblies, in  0.464 seconds
Native extension for WindowsStandalone target not found
Native extension for iOS target not found
Native extension for Android target not found
Android Extension - Scanning For ADB Devices 389 ms
Mono: successfully reloaded assembly
- Finished resetting the current domain, in  0.657 seconds
Domain Reload Profiling: 1115ms
	BeginReloadAssembly (231ms)
		ExecutionOrderSort (0ms)
		DisableScriptedObjects (0ms)
		BackupInstance (0ms)
		ReleaseScriptingObjects (0ms)
		CreateAndSetChildDomain (1ms)
	RebuildCommonClasses (25ms)
	RebuildNativeTypeToScriptingClass (7ms)
	initialDomainReloadingComplete (69ms)
	LoadAllAssembliesAndSetupDomain (126ms)
		LoadAssemblies (211ms)
		RebuildTransferFunctionScriptingTraits (0ms)
		AnalyzeDomain (110ms)
			TypeCache.Refresh (109ms)
				TypeCache.ScanAssembly (101ms)
			ScanForSourceGeneratedMonoScriptInfo (0ms)
			ResolveRequiredComponents (0ms)
	FinalizeReload (657ms)
		ReleaseScriptCaches (0ms)
		RebuildScriptCaches (0ms)
		SetupLoadedEditorAssemblies (607ms)
			LogAssemblyErrors (0ms)
			InitializePlatformSupportModulesInManaged (495ms)
			SetLoadedEditorAssemblies (3ms)
			RefreshPlugins (0ms)
			BeforeProcessingInitializeOnLoad (2ms)
			ProcessInitializeOnLoadAttributes (69ms)
			ProcessInitializeOnLoadMethodAttributes (40ms)
			AfterProcessingInitializeOnLoad (0ms)
			EditorAssembliesLoaded (0ms)
		ExecutionOrderSort2 (0ms)
		AwakeInstancesAfterBackupRestoration (0ms)
========================================================================
Worker process is ready to serve import requests
Begin MonoManager ReloadAssembly
- Loaded All Assemblies, in  0.951 seconds
Refreshing native plugins compatible for Editor in 17.27 ms, found 8 plugins.
Native extension for WindowsStandalone target not found
Native extension for iOS target not found
Native extension for Android target not found
Mono: successfully reloaded assembly
- Finished resetting the current domain, in  0.831 seconds
Domain Reload Profiling: 1765ms
	BeginReloadAssembly (161ms)
		ExecutionOrderSort (0ms)
		DisableScriptedObjects (4ms)
		BackupInstance (0ms)
		ReleaseScriptingObjects (0ms)
		CreateAndSetChildDomain (21ms)
	RebuildCommonClasses (32ms)
	RebuildNativeTypeToScriptingClass (9ms)
	initialDomainReloadingComplete (55ms)
	LoadAllAssembliesAndSetupDomain (677ms)
		LoadAssemblies (450ms)
		RebuildTransferFunctionScriptingTraits (0ms)
		AnalyzeDomain (311ms)
			TypeCache.Refresh (276ms)
				TypeCache.ScanAssembly (263ms)
			ScanForSourceGeneratedMonoScriptInfo (25ms)
			ResolveRequiredComponents (11ms)
	FinalizeReload (831ms)
		ReleaseScriptCaches (0ms)
		RebuildScriptCaches (0ms)
		SetupLoadedEditorAssemblies (641ms)
			LogAssemblyErrors (0ms)
			InitializePlatformSupportModulesInManaged (43ms)
			SetLoadedEditorAssemblies (7ms)
			RefreshPlugins (0ms)
			BeforeProcessingInitializeOnLoad (135ms)
			ProcessInitializeOnLoadAttributes (424ms)
			ProcessInitializeOnLoadMethodAttributes (16ms)
			AfterProcessingInitializeOnLoad (16ms)
			EditorAssembliesLoaded (0ms)
		ExecutionOrderSort2 (0ms)
		AwakeInstancesAfterBackupRestoration (7ms)
Shader 'Oculus/OVRMRCameraFrameLit': fallback shader 'Alpha-Diffuse' not found
Launched and connected shader compiler UnityShaderCompiler.exe after 0.05 seconds
Refreshing native plugins compatible for Editor in 20.79 ms, found 8 plugins.
Preloading 2 native plugins for Editor in 0.31 ms.
Unloading 4848 Unused Serialized files (Serialized files now loaded: 0)
Unloading 67 unused Assets / (155.0 KB). Loaded Objects now: 5289.
Memory consumption went from 187.3 MB to 187.1 MB.
Total: 5.885700 ms (FindLiveObjects: 0.427400 ms CreateObjectMapping: 0.177200 ms MarkObjects: 5.092700 ms  DeleteObjects: 0.186700 ms)

AssetImportParameters requested are different than current active one (requested -> active):
  custom:container-demuxer-ogg: 62fdf1f143b41e24485cea50d1cbac27 -> 
  custom:video-codec-MediaFoundation-h265: 746d11721c4dcdbdad8f713fa42b33f4 -> 
  custom:video-decoder-ogg-theora: a1e56fd34408186e4bbccfd4996cb3dc -> 
  custom:framework-win-MediaFoundation: 216162199b28c13a410421893ffa2e32 -> 
  custom:container-demuxer-webm: 4f35f7cbe854078d1ac9338744f61a02 -> 
  custom:container-muxer-webm: aa71ff27fc2769a1b78a27578f13a17b -> 
  custom:video-decoder-webm-vp8: 9c59270c3fd7afecdb556c50c9e8de78 -> 
  custom:AudioImporter_EditorPlatform: d09bf68614088b80899f8185d706f6e7 -> 
  custom:video-encoder-webm-vp8: eb34c28f22e8b96e1ab97ce403110664 -> 
  custom:audio-decoder-ogg-vorbis: bf7c407c2cedff20999df2af8eb42d56 -> 
  custom:audio-encoder-webm-vorbis: bf7c407c2cedff20999df2af8eb42d56 -> 
========================================================================
Received Import Request.
  Time since last request: 48876.592759 seconds.
  path: Assets/Oculus/Interaction/LICENSE.md
  artifactKey: Guid(b4c4f6895ba201a4a93d1fa7f796eaea) Importer(2089858483,0ecaa5967403d082aa24f35e1b516d23)
Start importing Assets/Oculus/Interaction/LICENSE.md using Guid(b4c4f6895ba201a4a93d1fa7f796eaea) Importer(2089858483,0ecaa5967403d082aa24f35e1b516d23)  -> (artifact id: 'd14887e3f124aebcded12ca473ed8657') in 0.068998 seconds
Number of updated asset objects reloaded before import = 0
Number of asset objects unloaded after import = 1
========================================================================
Received Import Request.
  Time since last request: 0.000027 seconds.
  path: Assets/Oculus/VR/NOTICE.txt
  artifactKey: Guid(1d3ffd26004693948809cf896824b17e) Importer(2089858483,0ecaa5967403d082aa24f35e1b516d23)
Start importing Assets/Oculus/VR/NOTICE.txt using Guid(1d3ffd26004693948809cf896824b17e) Importer(2089858483,0ecaa5967403d082aa24f35e1b516d23)  -> (artifact id: 'a518b364dd4cd15631f1da75e7b58f54') in 0.012950 seconds
Number of updated asset objects reloaded before import = 0
Number of asset objects unloaded after import = 1
========================================================================
Received Import Request.
  Time since last request: 0.000107 seconds.
  path: Assets/Oculus/LipSync/Prefabs/LipSyncMorphTarget_Female.prefab
  artifactKey: Guid(0d336f164a5a4454db3960b2f9fc7a85) Importer(2089858483,0ecaa5967403d082aa24f35e1b516d23)
Start importing Assets/Oculus/LipSync/Prefabs/LipSyncMorphTarget_Female.prefab using Guid(0d336f164a5a4454db3960b2f9fc7a85) Importer(2089858483,0ecaa5967403d082aa24f35e1b516d23)  -> (artifact id: '11b02ec2141f8aaa4be417fdad8eea90') in 0.041797 seconds
Number of updated asset objects reloaded before import = 0
Number of asset objects unloaded after import = 38
========================================================================
Received Import Request.
  Time since last request: 0.000020 seconds.
  path: Assets/Oculus/LipSync/Editor/OVRNamedArrayPropertyDrawer.cs
  artifactKey: Guid(c2d166626e0b34a40b774467cc6c5868) Importer(2089858483,0ecaa5967403d082aa24f35e1b516d23)
Start importing Assets/Oculus/LipSync/Editor/OVRNamedArrayPropertyDrawer.cs using Guid(c2d166626e0b34a40b774467cc6c5868) Importer(2089858483,0ecaa5967403d082aa24f35e1b516d23)  -> (artifact id: '17b5e2f1d4d89ec0367fe731aafacc2c') in 0.013697 seconds
Number of updated asset objects reloaded before import = 0
Number of asset objects unloaded after import = 1
========================================================================
Received Import Request.
  Time since last request: 0.000104 seconds.
  path: Assets/Oculus/Platform/Scripts/BufferedAudioStream.cs
  artifactKey: Guid(f6d1f538558efdb42ae724d9bb36e538) Importer(2089858483,0ecaa5967403d082aa24f35e1b516d23)
Start importing Assets/Oculus/Platform/Scripts/BufferedAudioStream.cs using Guid(f6d1f538558efdb42ae724d9bb36e538) Importer(2089858483,0ecaa5967403d082aa24f35e1b516d23)  -> (artifact id: '410f0e057b2b9bafd981b9d60cbe3c3f') in 0.011723 seconds
Number of updated asset objects reloaded before import = 0
Number of asset objects unloaded after import = 1
========================================================================
Received Import Request.
  Time since last request: 0.000060 seconds.
  path: Assets/Oculus/Platform/Scripts/ChallengeCreationType.cs
  artifactKey: Guid(57a29b14b1fc46642a78991fc30045db) Importer(2089858483,0ecaa5967403d082aa24f35e1b516d23)
Start importing Assets/Oculus/Platform/Scripts/ChallengeCreationType.cs using Guid(57a29b14b1fc46642a78991fc30045db) Importer(2089858483,0ecaa5967403d082aa24f35e1b516d23)  -> (artifact id: '77941b10bff2245fa3abd4f0c6ea61cb') in 0.014828 seconds
Number of updated asset objects reloaded before import = 0
Number of asset objects unloaded after import = 1
========================================================================
Received Import Request.
  Time since last request: 0.000071 seconds.
  path: Assets/Oculus/Platform/Scripts/LogEventName.cs
  artifactKey: Guid(8431b20ec581427439c33370fc8f843d) Importer(2089858483,0ecaa5967403d082aa24f35e1b516d23)
Start importing Assets/Oculus/Platform/Scripts/LogEventName.cs using Guid(8431b20ec581427439c33370fc8f843d) Importer(2089858483,0ecaa5967403d082aa24f35e1b516d23)  -> (artifact id: '840ed67edf0e5d4f56d84fbd70909308') in 0.016251 seconds
Number of updated asset objects reloaded before import = 0
Number of asset objects unloaded after import = 1
========================================================================
Received Import Request.
  Time since last request: 0.000097 seconds.
  path: Assets/Oculus/LipSync/Prefabs/LipSyncDebugConsole.prefab
  artifactKey: Guid(e4c63fc874ed2ed42b7808b1a310238a) Importer(2089858483,0ecaa5967403d082aa24f35e1b516d23)
Start importing Assets/Oculus/LipSync/Prefabs/LipSyncDebugConsole.prefab using Guid(e4c63fc874ed2ed42b7808b1a310238a) Importer(2089858483,0ecaa5967403d082aa24f35e1b516d23)  -> (artifact id: '2f6c02ca6662d37016b5c8cedc3bfc7f') in 0.045829 seconds
Number of updated asset objects reloaded before import = 0
Number of asset objects unloaded after import = 12
========================================================================
Received Import Request.
  Time since last request: 0.000023 seconds.
  path: Assets/Oculus/LipSync/Editor/OVRLipSyncBuildPostProcessor.cs
  artifactKey: Guid(73f38d977e4ed45f48b632a00fb9c579) Importer(2089858483,0ecaa5967403d082aa24f35e1b516d23)
Start importing Assets/Oculus/LipSync/Editor/OVRLipSyncBuildPostProcessor.cs using Guid(73f38d977e4ed45f48b632a00fb9c579) Importer(2089858483,0ecaa5967403d082aa24f35e1b516d23)  -> (artifact id: '6a6ab7fd55fad41464050bdb4bfeb371') in 0.014375 seconds
Number of updated asset objects reloaded before import = 0
Number of asset objects unloaded after import = 1
========================================================================
Received Import Request.
  Time since last request: 0.000129 seconds.
  path: Assets/Oculus/Platform/Editor/OculusPluginUpdaterStub.cs
  artifactKey: Guid(af1b0142a3500574289a5ff8ae25dfa4) Importer(2089858483,0ecaa5967403d082aa24f35e1b516d23)
Start importing Assets/Oculus/Platform/Editor/OculusPluginUpdaterStub.cs using Guid(af1b0142a3500574289a5ff8ae25dfa4) Importer(2089858483,0ecaa5967403d082aa24f35e1b516d23)  -> (artifact id: '4d8b70e8c3823a7d8866bb1458fd73c5') in 0.014245 seconds
Number of updated asset objects reloaded before import = 0
Number of asset objects unloaded after import = 1
========================================================================
Received Import Request.
  Time since last request: 0.000023 seconds.
  path: Assets/Oculus/Platform/Scripts/KeyValuePairType.cs
  artifactKey: Guid(652351552fa9f694690760ab0f94c90a) Importer(2089858483,0ecaa5967403d082aa24f35e1b516d23)
Start importing Assets/Oculus/Platform/Scripts/KeyValuePairType.cs using Guid(652351552fa9f694690760ab0f94c90a) Importer(2089858483,0ecaa5967403d082aa24f35e1b516d23)  -> (artifact id: '30f732d9b9cda03a1de92c961fb1fd77') in 0.012252 seconds
Number of updated asset objects reloaded before import = 0
Number of asset objects unloaded after import = 1
========================================================================
Received Import Request.
  Time since last request: 0.000088 seconds.
  path: Assets/Oculus/Platform/Editor/OculusPlatformSettingsEditor.cs
  artifactKey: Guid(03780432f190e734dba71a2337880cdb) Importer(2089858483,0ecaa5967403d082aa24f35e1b516d23)
Start importing Assets/Oculus/Platform/Editor/OculusPlatformSettingsEditor.cs using Guid(03780432f190e734dba71a2337880cdb) Importer(2089858483,0ecaa5967403d082aa24f35e1b516d23)  -> (artifact id: 'bb60edd3c695e6cd197294cfb558336c') in 0.015685 seconds
Number of updated asset objects reloaded before import = 0
Number of asset objects unloaded after import = 1
========================================================================
Received Import Request.
  Time since last request: 0.000060 seconds.
  path: Assets/Oculus/LipSync/Scripts/OVRLipSyncSequence.cs
  artifactKey: Guid(354250b5dc6a14f49b541724e9dd3c37) Importer(2089858483,0ecaa5967403d082aa24f35e1b516d23)
Start importing Assets/Oculus/LipSync/Scripts/OVRLipSyncSequence.cs using Guid(354250b5dc6a14f49b541724e9dd3c37) Importer(2089858483,0ecaa5967403d082aa24f35e1b516d23)  -> (artifact id: '72482cfb338440bcf0d08d94695b96b6') in 0.013902 seconds
Number of updated asset objects reloaded before import = 0
Number of asset objects unloaded after import = 1
========================================================================
Received Import Request.
  Time since last request: 0.000057 seconds.
  path: Assets/Oculus/Interaction/README.md
  artifactKey: Guid(a52960306432b534daf8573605b986ef) Importer(2089858483,0ecaa5967403d082aa24f35e1b516d23)
Start importing Assets/Oculus/Interaction/README.md using Guid(a52960306432b534daf8573605b986ef) Importer(2089858483,0ecaa5967403d082aa24f35e1b516d23)  -> (artifact id: 'c654a7aef1bea2069f64cceab43aedc7') in 0.011467 seconds
Number of updated asset objects reloaded before import = 0
Number of asset objects unloaded after import = 1
========================================================================
Received Import Request.
  Time since last request: 0.000105 seconds.
  path: Assets/Oculus/Platform/Editor/Oculus.Platform.Editor.asmdef
  artifactKey: Guid(6c847d01eed902748a97f0eacc7f77eb) Importer(2089858483,0ecaa5967403d082aa24f35e1b516d23)
Start importing Assets/Oculus/Platform/Editor/Oculus.Platform.Editor.asmdef using Guid(6c847d01eed902748a97f0eacc7f77eb) Importer(2089858483,0ecaa5967403d082aa24f35e1b516d23)  -> (artifact id: 'f2b1ff9398af57059245dcff99924f58') in 0.011886 seconds
Number of updated asset objects reloaded before import = 0
Number of asset objects unloaded after import = 1
========================================================================
Received Import Request.
  Time since last request: 0.000019 seconds.
  path: Assets/Oculus/Platform/Scripts/MediaContentType.cs
  artifactKey: Guid(4a27c72682442f94abd98f97d87f9cad) Importer(2089858483,0ecaa5967403d082aa24f35e1b516d23)
Start importing Assets/Oculus/Platform/Scripts/MediaContentType.cs using Guid(4a27c72682442f94abd98f97d87f9cad) Importer(2089858483,0ecaa5967403d082aa24f35e1b516d23)  -> (artifact id: '315fe2a2885919bec229e024dee9b31f') in 0.012287 seconds
Number of updated asset objects reloaded before import = 0
Number of asset objects unloaded after import = 1
========================================================================
Received Import Request.
  Time since last request: 0.000039 seconds.
  path: Assets/Oculus/Platform/Editor/HorizonProfileTokenResponse.cs
  artifactKey: Guid(a5d72bd083f10704dac9cdfb0ede72c4) Importer(2089858483,0ecaa5967403d082aa24f35e1b516d23)
Start importing Assets/Oculus/Platform/Editor/HorizonProfileTokenResponse.cs using Guid(a5d72bd083f10704dac9cdfb0ede72c4) Importer(2089858483,0ecaa5967403d082aa24f35e1b516d23)  -> (artifact id: '0ddfde38e72d6a4724eca74e9aae2d6d') in 0.015016 seconds
Number of updated asset objects reloaded before import = 0
Number of asset objects unloaded after import = 1
========================================================================
Received Import Request.
  Time since last request: 0.000267 seconds.
  path: Assets/Oculus/Platform/Scripts/MatchmakingOptions.cs
  artifactKey: Guid(f9b3e7ffb96e6594ea296771b88d7243) Importer(2089858483,0ecaa5967403d082aa24f35e1b516d23)
Start importing Assets/Oculus/Platform/Scripts/MatchmakingOptions.cs using Guid(f9b3e7ffb96e6594ea296771b88d7243) Importer(2089858483,0ecaa5967403d082aa24f35e1b516d23)  -> (artifact id: 'a5511e45e33a8296b06404d5662bc3b6') in 0.013353 seconds
Number of updated asset objects reloaded before import = 0
Number of asset objects unloaded after import = 1
========================================================================
Received Import Request.
  Time since last request: 0.000070 seconds.
  path: Assets/Oculus/Platform/Scripts/ChallengeVisibility.cs
  artifactKey: Guid(826fe85a24373d4429ba1c5b0bb36f9f) Importer(2089858483,0ecaa5967403d082aa24f35e1b516d23)
Start importing Assets/Oculus/Platform/Scripts/ChallengeVisibility.cs using Guid(826fe85a24373d4429ba1c5b0bb36f9f) Importer(2089858483,0ecaa5967403d082aa24f35e1b516d23)  -> (artifact id: 'ca799d19e4d4f2c9915fbaf4acbda543') in 0.014183 seconds
Number of updated asset objects reloaded before import = 0
Number of asset objects unloaded after import = 1
========================================================================
Received Import Request.
  Time since last request: 0.000112 seconds.
  path: Assets/Oculus/Platform/Scripts/MultiplayerErrorOptions.cs
  artifactKey: Guid(bff23624d37b2364495ba4a25395a0ee) Importer(2089858483,0ecaa5967403d082aa24f35e1b516d23)
Start importing Assets/Oculus/Platform/Scripts/MultiplayerErrorOptions.cs using Guid(bff23624d37b2364495ba4a25395a0ee) Importer(2089858483,0ecaa5967403d082aa24f35e1b516d23)  -> (artifact id: '98030cd7c1bb7e751ae63fe312711f0b') in 0.013550 seconds
Number of updated asset objects reloaded before import = 0
Number of asset objects unloaded after import = 1
========================================================================
Received Import Request.
  Time since last request: 0.000019 seconds.
  path: Assets/Oculus/Interaction/Runtime/Oculus.Interaction.asmdef
  artifactKey: Guid(2a230cb87a1d3ba4a98bdc0ddae76e6c) Importer(2089858483,0ecaa5967403d082aa24f35e1b516d23)
Start importing Assets/Oculus/Interaction/Runtime/Oculus.Interaction.asmdef using Guid(2a230cb87a1d3ba4a98bdc0ddae76e6c) Importer(2089858483,0ecaa5967403d082aa24f35e1b516d23)  -> (artifact id: '1eca3ee55696148c2b60e8d63fe952b1') in 0.013074 seconds
Number of updated asset objects reloaded before import = 0
Number of asset objects unloaded after import = 1
========================================================================
Received Import Request.
  Time since last request: 0.000183 seconds.
  path: Assets/Oculus/Platform/Scripts/CloudStorageDataStatus.cs
  artifactKey: Guid(4708b605fe779fe4384e9166eb21b85c) Importer(2089858483,0ecaa5967403d082aa24f35e1b516d23)
Start importing Assets/Oculus/Platform/Scripts/CloudStorageDataStatus.cs using Guid(4708b605fe779fe4384e9166eb21b85c) Importer(2089858483,0ecaa5967403d082aa24f35e1b516d23)  -> (artifact id: 'e0596ff5d3cc0862994cd79eb8048784') in 0.012129 seconds
Number of updated asset objects reloaded before import = 0
Number of asset objects unloaded after import = 1
========================================================================
Received Import Request.
  Time since last request: 0.000085 seconds.
  path: Assets/Oculus/Platform/Scripts/AvatarEditorOptions.cs
  artifactKey: Guid(e9d5f650c79ba4942a3a1d3f2cb60ec0) Importer(2089858483,0ecaa5967403d082aa24f35e1b516d23)
Start importing Assets/Oculus/Platform/Scripts/AvatarEditorOptions.cs using Guid(e9d5f650c79ba4942a3a1d3f2cb60ec0) Importer(2089858483,0ecaa5967403d082aa24f35e1b516d23)  -> (artifact id: '171bce6bf5f79e02b4bbfd61dda318d3') in 0.013851 seconds
Number of updated asset objects reloaded before import = 0
Number of asset objects unloaded after import = 1
========================================================================
Received Import Request.
  Time since last request: 0.000110 seconds.
  path: Assets/Oculus/LipSync/Scripts/OVRLipSyncContextCanned.cs
  artifactKey: Guid(e073e338e215b4ae9a7fcdf6891e7955) Importer(2089858483,0ecaa5967403d082aa24f35e1b516d23)
Start importing Assets/Oculus/LipSync/Scripts/OVRLipSyncContextCanned.cs using Guid(e073e338e215b4ae9a7fcdf6891e7955) Importer(2089858483,0ecaa5967403d082aa24f35e1b516d23)  -> (artifact id: 'ca6b367b61a5fa5faa4618337403b734') in 0.012190 seconds
Number of updated asset objects reloaded before import = 0
Number of asset objects unloaded after import = 1
========================================================================
Received Import Request.
  Time since last request: 0.000118 seconds.
  path: Assets/Oculus/Platform/Scripts/AbuseReportVideoMode.cs
  artifactKey: Guid(0391f5eae88748a4184e3a4a48277923) Importer(2089858483,0ecaa5967403d082aa24f35e1b516d23)
Start importing Assets/Oculus/Platform/Scripts/AbuseReportVideoMode.cs using Guid(0391f5eae88748a4184e3a4a48277923) Importer(2089858483,0ecaa5967403d082aa24f35e1b516d23)  -> (artifact id: '504fc9ff52d7a51614b7d64c4e91f89c') in 0.013798 seconds
Number of updated asset objects reloaded before import = 0
Number of asset objects unloaded after import = 1
========================================================================
Received Import Request.
  Time since last request: 0.000087 seconds.
  path: Assets/Oculus/Platform/Scripts/AbuseReportOptions.cs
  artifactKey: Guid(0645da8344fc475469d13a6494437f8e) Importer(2089858483,0ecaa5967403d082aa24f35e1b516d23)
Start importing Assets/Oculus/Platform/Scripts/AbuseReportOptions.cs using Guid(0645da8344fc475469d13a6494437f8e) Importer(2089858483,0ecaa5967403d082aa24f35e1b516d23)  -> (artifact id: 'b636ba2570e2d80a323565d51cc25979') in 0.013428 seconds
Number of updated asset objects reloaded before import = 0
Number of asset objects unloaded after import = 1
========================================================================
Received Import Request.
  Time since last request: 0.000022 seconds.
  path: Assets/Oculus/Interaction/Editor/Oculus.Interaction.Editor.asmdef
  artifactKey: Guid(48af58ae5328ff048acacd924604a804) Importer(2089858483,0ecaa5967403d082aa24f35e1b516d23)
Start importing Assets/Oculus/Interaction/Editor/Oculus.Interaction.Editor.asmdef using Guid(48af58ae5328ff048acacd924604a804) Importer(2089858483,0ecaa5967403d082aa24f35e1b516d23)  -> (artifact id: '9784d1abc978f5bd61f50f228fcba070') in 0.011111 seconds
Number of updated asset objects reloaded before import = 0
Number of asset objects unloaded after import = 1
========================================================================
Received Import Request.
  Time since last request: 0.000020 seconds.
  path: Assets/Oculus/LipSync/Editor/OVRLipSyncContextMorphTargetEditor.cs
  artifactKey: Guid(a7d01b0eb149d9945a23728e5c7f5fcb) Importer(2089858483,0ecaa5967403d082aa24f35e1b516d23)
Start importing Assets/Oculus/LipSync/Editor/OVRLipSyncContextMorphTargetEditor.cs using Guid(a7d01b0eb149d9945a23728e5c7f5fcb) Importer(2089858483,0ecaa5967403d082aa24f35e1b516d23)  -> (artifact id: '28df0b9c8e7d81abfcccada10d01f31e') in 0.013869 seconds
Number of updated asset objects reloaded before import = 0
Number of asset objects unloaded after import = 1
========================================================================
Received Import Request.
  Time since last request: 0.000021 seconds.
  path: Assets/Oculus/Platform/Scripts/InitConfigOptions.cs
  artifactKey: Guid(7d283007eda48c542b2ca1ac3965f720) Importer(2089858483,0ecaa5967403d082aa24f35e1b516d23)
Start importing Assets/Oculus/Platform/Scripts/InitConfigOptions.cs using Guid(7d283007eda48c542b2ca1ac3965f720) Importer(2089858483,0ecaa5967403d082aa24f35e1b516d23)  -> (artifact id: 'f8be69b6c7131cbc7724e0df696b6208') in 0.013225 seconds
Number of updated asset objects reloaded before import = 0
Number of asset objects unloaded after import = 1
========================================================================
Received Prepare
Begin MonoManager ReloadAssembly
- Loaded All Assemblies, in  1.155 seconds
Refreshing native plugins compatible for Editor in 19.44 ms, found 9 plugins.
Native extension for WindowsStandalone target not found
Native extension for iOS target not found
Native extension for Android target not found
Package Manager log level set to [2]
[Package Manager] Server::EnsureServerProcessIsRunning -- launch failed, reason: Unity was launched with the -noUpm command-line argument
[Package Manager] UpmClient::Send -- Unable to send message (not connected to UPM process).
[Package Manager] Cannot connect to Unity Package Manager local server
[XR] OculusXRPlugin: registering subsystems
[XR] Unable to register display lifecyle provider: [1]
[XR] Oculus Input lifecycle provider registered.
[XR] Unable to register input lifecyle provider: [1]
[XR] OVRP version 1.89.0
Mono: successfully reloaded assembly
[Package Manager] Server::EnsureServerProcessIsRunning -- launch failed, reason: Unity was launched with the -noUpm command-line argument
[Package Manager] UpmClient::Send -- Unable to send message (not connected to UPM process).
[Package Manager] Cannot connect to Unity Package Manager local server
[Package Manager] Server::EnsureServerProcessIsRunning -- launch failed, reason: Unity was launched with the -noUpm command-line argument
[Package Manager] UpmClient::Send -- Unable to send message (not connected to UPM process).
[Package Manager] Cannot connect to Unity Package Manager local server
- Finished resetting the current domain, in  1.396 seconds
Domain Reload Profiling: 2519ms
	BeginReloadAssembly (290ms)
		ExecutionOrderSort (0ms)
		DisableScriptedObjects (4ms)
		BackupInstance (0ms)
		ReleaseScriptingObjects (0ms)
		CreateAndSetChildDomain (47ms)
	RebuildCommonClasses (32ms)
	RebuildNativeTypeToScriptingClass (12ms)
	initialDomainReloadingComplete (84ms)
	LoadAllAssembliesAndSetupDomain (704ms)
		LoadAssemblies (603ms)
		RebuildTransferFunctionScriptingTraits (0ms)
		AnalyzeDomain (272ms)
			TypeCache.Refresh (253ms)
				TypeCache.ScanAssembly (243ms)
			ScanForSourceGeneratedMonoScriptInfo (8ms)
			ResolveRequiredComponents (11ms)
	FinalizeReload (1397ms)
		ReleaseScriptCaches (0ms)
		RebuildScriptCaches (0ms)
		SetupLoadedEditorAssemblies (578ms)
			LogAssemblyErrors (0ms)
			InitializePlatformSupportModulesInManaged (41ms)
			SetLoadedEditorAssemblies (6ms)
			RefreshPlugins (0ms)
			BeforeProcessingInitializeOnLoad (121ms)
			ProcessInitializeOnLoadAttributes (368ms)
			ProcessInitializeOnLoadMethodAttributes (23ms)
			AfterProcessingInitializeOnLoad (18ms)
			EditorAssembliesLoaded (0ms)
		ExecutionOrderSort2 (0ms)
		AwakeInstancesAfterBackupRestoration (7ms)
Shader 'Oculus/OVRMRCameraFrameLit': fallback shader 'Alpha-Diffuse' not found
Refreshing native plugins compatible for Editor in 17.39 ms, found 9 plugins.
Preloading 2 native plugins for Editor in 0.14 ms.
Unloading 4870 Unused Serialized files (Serialized files now loaded: 0)
Unloading 55 unused Assets / (128.0 KB). Loaded Objects now: 5406.
Memory consumption went from 168.0 MB to 167.9 MB.
Total: 4.689800 ms (FindLiveObjects: 0.306000 ms CreateObjectMapping: 0.094400 ms MarkObjects: 4.154100 ms  DeleteObjects: 0.134100 ms)

Prepare: number of updated asset objects reloaded= 0
AssetImportParameters requested are different than current active one (requested -> active):
  custom:container-demuxer-ogg: 62fdf1f143b41e24485cea50d1cbac27 -> 
  custom:video-codec-MediaFoundation-h265: 746d11721c4dcdbdad8f713fa42b33f4 -> 
  custom:video-decoder-ogg-theora: a1e56fd34408186e4bbccfd4996cb3dc -> 
  custom:framework-win-MediaFoundation: 216162199b28c13a410421893ffa2e32 -> 
  custom:container-demuxer-webm: 4f35f7cbe854078d1ac9338744f61a02 -> 
  custom:container-muxer-webm: aa71ff27fc2769a1b78a27578f13a17b -> 
  custom:video-decoder-webm-vp8: 9c59270c3fd7afecdb556c50c9e8de78 -> 
  custom:SearchIndexIgnoredProperties: e643bd26f0fe6173181afceb89e7c659 -> 
  custom:AudioImporter_EditorPlatform: d09bf68614088b80899f8185d706f6e7 -> 
  custom:video-encoder-webm-vp8: eb34c28f22e8b96e1ab97ce403110664 -> 
  custom:audio-decoder-ogg-vorbis: bf7c407c2cedff20999df2af8eb42d56 -> 
  custom:audio-encoder-webm-vorbis: bf7c407c2cedff20999df2af8eb42d56 -> 
Editor requested this worker to shutdown with reason: Scaling down because of idle timeout
TcpMessagingSession - receive error
AssetImportWorkerClient::OnTransportError - code=2 error=End of file
AssetImportWorker is now disconnected from the server
Process exiting
Exiting without the bug reporter. Application will terminate with return code 0